This file contains any messages produced by compilers while
running configure, to aid debugging if configure makes a mistake.

It was created by fastq-tools configure 0.7, which was
generated by GNU Autoconf 2.69.  Invocation command line was

  $ ./configure 

## --------- ##
## Platform. ##
## --------- ##

hostname = localhost
uname -m = x86_64
uname -r = 14.4.0
uname -s = Darwin
uname -v = Darwin Kernel Version 14.4.0: Thu May 28 11:35:04 PDT 2015; root:xnu-2782.30.5~1/RELEASE_X86_64

/usr/bin/uname -p = i386
/bin/uname -X     = unknown

/bin/arch              = unknown
/usr/bin/arch -k       = unknown
/usr/convex/getsysinfo = unknown
/usr/bin/hostinfo      = Mach kernel version:
	 Darwin Kernel Version 14.4.0: Thu May 28 11:35:04 PDT 2015; root:xnu-2782.30.5~1/RELEASE_X86_64
Kernel configured for up to 4 processors.
2 processors are physically available.
4 processors are logically available.
Processor type: x86_64h (Intel x86-64h Haswell)
Processors active: 0 1 2 3
Primary memory available: 8.00 gigabytes
Default processor set: 273 tasks, 1141 threads, 4 processors
Load average: 2.35, Mach factor: 1.64
/bin/machine           = unknown
/usr/bin/oslevel       = unknown
/bin/universe          = unknown

PATH: /usr/local/bin
PATH: /usr/bin
PATH: /bin
PATH: /usr/sbin
PATH: /sbin
PATH: /opt/X11/bin


## ----------- ##
## Core tests. ##
## ----------- ##

configure:2437: checking for a BSD-compatible install
configure:2505: result: /usr/bin/install -c
configure:2516: checking whether build environment is sane
configure:2571: result: yes
configure:2609: WARNING: 'missing' script is too old or missing
configure:2722: checking for a thread-safe mkdir -p
configure:2761: result: ./install-sh -c -d
configure:2768: checking for gawk
configure:2798: result: no
configure:2768: checking for mawk
configure:2798: result: no
configure:2768: checking for nawk
configure:2798: result: no
configure:2768: checking for awk
configure:2784: found /usr/bin/awk
configure:2795: result: awk
configure:2806: checking whether make sets $(MAKE)
configure:2828: result: yes
configure:2857: checking whether make supports nested variables
configure:2874: result: yes
configure:3010: checking whether make supports nested variables
configure:3027: result: yes
configure:3089: checking for gcc
configure:3105: found /usr/bin/gcc
configure:3116: result: gcc
configure:3345: checking for C compiler version
configure:3354: gcc --version >&5
Apple LLVM version 6.1.0 (clang-602.0.53) (based on LLVM 3.6.0svn)
Target: x86_64-apple-darwin14.4.0
Thread model: posix
Configured with: --prefix=/Applications/Xcode.app/Contents/Developer/usr --with-gxx-include-dir=/Applications/Xcode.app/Contents/Developer/Platforms/MacOSX.platform/Developer/SDKs/MacOSX10.10.sdk/usr/include/c++/4.2.1
configure:3365: $? = 0
configure:3354: gcc -v >&5
Configured with: --prefix=/Applications/Xcode.app/Contents/Developer/usr --with-gxx-include-dir=/Applications/Xcode.app/Contents/Developer/Platforms/MacOSX.platform/Developer/SDKs/MacOSX10.10.sdk/usr/include/c++/4.2.1
Apple LLVM version 6.1.0 (clang-602.0.53) (based on LLVM 3.6.0svn)
Target: x86_64-apple-darwin14.4.0
Thread model: posix
configure:3365: $? = 0
configure:3354: gcc -V >&5
clang: error: argument to '-V' is missing (expected 1 value)
clang: error: no input files
configure:3365: $? = 1
configure:3354: gcc -qversion >&5
clang: error: unknown argument: '-qversion'
clang: error: no input files
configure:3365: $? = 1
configure:3385: checking whether the C compiler works
configure:3407: gcc    conftest.c  >&5
configure:3411: $? = 0
configure:3459: result: yes
configure:3462: checking for C compiler default output file name
configure:3464: result: a.out
configure:3470: checking for suffix of executables
configure:3477: gcc -o conftest    conftest.c  >&5
configure:3481: $? = 0
configure:3503: result: 
configure:3525: checking whether we are cross compiling
configure:3533: gcc -o conftest    conftest.c  >&5
configure:3537: $? = 0
configure:3544: ./conftest
configure:3548: $? = 0
configure:3563: result: no
configure:3568: checking for suffix of object files
configure:3590: gcc -c   conftest.c >&5
configure:3594: $? = 0
configure:3615: result: o
configure:3619: checking whether we are using the GNU C compiler
configure:3638: gcc -c   conftest.c >&5
configure:3638: $? = 0
configure:3647: result: yes
configure:3656: checking whether gcc accepts -g
configure:3676: gcc -c -g  conftest.c >&5
configure:3676: $? = 0
configure:3717: result: yes
configure:3734: checking for gcc option to accept ISO C89
configure:3797: gcc  -c -g -O2  conftest.c >&5
configure:3797: $? = 0
configure:3810: result: none needed
configure:3835: checking whether gcc understands -c and -o together
configure:3857: gcc -c conftest.c -o conftest2.o
configure:3860: $? = 0
configure:3857: gcc -c conftest.c -o conftest2.o
configure:3860: $? = 0
configure:3872: result: yes
configure:3900: checking for style of include used by make
configure:3928: result: GNU
configure:3954: checking dependency style of gcc
configure:4065: result: gcc3
configure:4088: checking how to run the C preprocessor
configure:4119: gcc -E  conftest.c
configure:4119: $? = 0
configure:4133: gcc -E  conftest.c
conftest.c:11:10: fatal error: 'ac_nonexistent.h' file not found
#include <ac_nonexistent.h>
         ^
1 error generated.
configure:4133: $? = 1
configure: failed program was:
| /* confdefs.h */
| #define PACKAGE_NAME "fastq-tools"
| #define PACKAGE_TARNAME "fastq-tools"
| #define PACKAGE_VERSION "0.7"
| #define PACKAGE_STRING "fastq-tools 0.7"
| #define PACKAGE_BUGREPORT "dcjones@cs.washington.edu "
| #define PACKAGE_URL ""
| #define PACKAGE "fastq-tools"
| #define VERSION "0.7"
| /* end confdefs.h.  */
| #include <ac_nonexistent.h>
configure:4158: result: gcc -E
configure:4178: gcc -E  conftest.c
configure:4178: $? = 0
configure:4192: gcc -E  conftest.c
conftest.c:11:10: fatal error: 'ac_nonexistent.h' file not found
#include <ac_nonexistent.h>
         ^
1 error generated.
configure:4192: $? = 1
configure: failed program was:
| /* confdefs.h */
| #define PACKAGE_NAME "fastq-tools"
| #define PACKAGE_TARNAME "fastq-tools"
| #define PACKAGE_VERSION "0.7"
| #define PACKAGE_STRING "fastq-tools 0.7"
| #define PACKAGE_BUGREPORT "dcjones@cs.washington.edu "
| #define PACKAGE_URL ""
| #define PACKAGE "fastq-tools"
| #define VERSION "0.7"
| /* end confdefs.h.  */
| #include <ac_nonexistent.h>
configure:4221: checking for grep that handles long lines and -e
configure:4279: result: /usr/bin/grep
configure:4284: checking for egrep
configure:4346: result: /usr/bin/grep -E
configure:4351: checking for ANSI C header files
configure:4371: gcc -c -g -O2  conftest.c >&5
configure:4371: $? = 0
configure:4444: gcc -o conftest -g -O2   conftest.c  >&5
configure:4444: $? = 0
configure:4444: ./conftest
configure:4444: $? = 0
configure:4455: result: yes
configure:4468: checking for sys/types.h
configure:4468: gcc -c -g -O2  conftest.c >&5
configure:4468: $? = 0
configure:4468: result: yes
configure:4468: checking for sys/stat.h
configure:4468: gcc -c -g -O2  conftest.c >&5
configure:4468: $? = 0
configure:4468: result: yes
configure:4468: checking for stdlib.h
configure:4468: gcc -c -g -O2  conftest.c >&5
configure:4468: $? = 0
configure:4468: result: yes
configure:4468: checking for string.h
configure:4468: gcc -c -g -O2  conftest.c >&5
configure:4468: $? = 0
configure:4468: result: yes
configure:4468: checking for memory.h
configure:4468: gcc -c -g -O2  conftest.c >&5
configure:4468: $? = 0
configure:4468: result: yes
configure:4468: checking for strings.h
configure:4468: gcc -c -g -O2  conftest.c >&5
configure:4468: $? = 0
configure:4468: result: yes
configure:4468: checking for inttypes.h
configure:4468: gcc -c -g -O2  conftest.c >&5
configure:4468: $? = 0
configure:4468: result: yes
configure:4468: checking for stdint.h
configure:4468: gcc -c -g -O2  conftest.c >&5
configure:4468: $? = 0
configure:4468: result: yes
configure:4468: checking for unistd.h
configure:4468: gcc -c -g -O2  conftest.c >&5
configure:4468: $? = 0
configure:4468: result: yes
configure:4480: checking for uint8_t
configure:4480: gcc -c -g -O2  conftest.c >&5
configure:4480: $? = 0
configure:4480: result: yes
configure:4494: checking for uint16_t
configure:4494: gcc -c -g -O2  conftest.c >&5
configure:4494: $? = 0
configure:4494: result: yes
configure:4506: checking for int32_t
configure:4506: gcc -c -g -O2  conftest.c >&5
configure:4506: $? = 0
configure:4506: gcc -c -g -O2  conftest.c >&5
conftest.c:58:24: error: 'test_array' declared as an array with a negative size
static int test_array [1 - 2 * !((int32_t) (((((int32_t) 1 << N) << N) - 1) * 2 + 1)
                       ^~~~~~~~~~~~~~~~~~~~~~~~~~~~~~~~~~~~~~~~~~~~~~~~~~~~~~~~~~~~~
1 error generated.
configure:4506: $? = 1
configure: failed program was:
| /* confdefs.h */
| #define PACKAGE_NAME "fastq-tools"
| #define PACKAGE_TARNAME "fastq-tools"
| #define PACKAGE_VERSION "0.7"
| #define PACKAGE_STRING "fastq-tools 0.7"
| #define PACKAGE_BUGREPORT "dcjones@cs.washington.edu "
| #define PACKAGE_URL ""
| #define PACKAGE "fastq-tools"
| #define VERSION "0.7"
| #define STDC_HEADERS 1
| #define HAVE_SYS_TYPES_H 1
| #define HAVE_SYS_STAT_H 1
| #define HAVE_STDLIB_H 1
| #define HAVE_STRING_H 1
| #define HAVE_MEMORY_H 1
| #define HAVE_STRINGS_H 1
| #define HAVE_INTTYPES_H 1
| #define HAVE_STDINT_H 1
| #define HAVE_UNISTD_H 1
| /* end confdefs.h.  */
| #include <stdio.h>
| #ifdef HAVE_SYS_TYPES_H
| # include <sys/types.h>
| #endif
| #ifdef HAVE_SYS_STAT_H
| # include <sys/stat.h>
| #endif
| #ifdef STDC_HEADERS
| # include <stdlib.h>
| # include <stddef.h>
| #else
| # ifdef HAVE_STDLIB_H
| #  include <stdlib.h>
| # endif
| #endif
| #ifdef HAVE_STRING_H
| # if !defined STDC_HEADERS && defined HAVE_MEMORY_H
| #  include <memory.h>
| # endif
| # include <string.h>
| #endif
| #ifdef HAVE_STRINGS_H
| # include <strings.h>
| #endif
| #ifdef HAVE_INTTYPES_H
| # include <inttypes.h>
| #endif
| #ifdef HAVE_STDINT_H
| # include <stdint.h>
| #endif
| #ifdef HAVE_UNISTD_H
| # include <unistd.h>
| #endif
| 	        enum { N = 32 / 2 - 1 };
| int
| main ()
| {
| static int test_array [1 - 2 * !((int32_t) (((((int32_t) 1 << N) << N) - 1) * 2 + 1)
| 		 < (int32_t) (((((int32_t) 1 << N) << N) - 1) * 2 + 2))];
| test_array [0] = 0;
| return test_array [0];
| 
|   ;
|   return 0;
| }
configure:4506: result: yes
configure:4517: checking for uint32_t
configure:4517: gcc -c -g -O2  conftest.c >&5
configure:4517: $? = 0
configure:4517: result: yes
configure:4531: checking for uint64_t
configure:4531: gcc -c -g -O2  conftest.c >&5
configure:4531: $? = 0
configure:4531: result: yes
configure:4545: checking for size_t
configure:4545: gcc -c -g -O2  conftest.c >&5
configure:4545: $? = 0
configure:4545: gcc -c -g -O2  conftest.c >&5
conftest.c:57:21: error: expected expression
if (sizeof ((size_t)))
                    ^
1 error generated.
configure:4545: $? = 1
configure: failed program was:
| /* confdefs.h */
| #define PACKAGE_NAME "fastq-tools"
| #define PACKAGE_TARNAME "fastq-tools"
| #define PACKAGE_VERSION "0.7"
| #define PACKAGE_STRING "fastq-tools 0.7"
| #define PACKAGE_BUGREPORT "dcjones@cs.washington.edu "
| #define PACKAGE_URL ""
| #define PACKAGE "fastq-tools"
| #define VERSION "0.7"
| #define STDC_HEADERS 1
| #define HAVE_SYS_TYPES_H 1
| #define HAVE_SYS_STAT_H 1
| #define HAVE_STDLIB_H 1
| #define HAVE_STRING_H 1
| #define HAVE_MEMORY_H 1
| #define HAVE_STRINGS_H 1
| #define HAVE_INTTYPES_H 1
| #define HAVE_STDINT_H 1
| #define HAVE_UNISTD_H 1
| /* end confdefs.h.  */
| #include <stdio.h>
| #ifdef HAVE_SYS_TYPES_H
| # include <sys/types.h>
| #endif
| #ifdef HAVE_SYS_STAT_H
| # include <sys/stat.h>
| #endif
| #ifdef STDC_HEADERS
| # include <stdlib.h>
| # include <stddef.h>
| #else
| # ifdef HAVE_STDLIB_H
| #  include <stdlib.h>
| # endif
| #endif
| #ifdef HAVE_STRING_H
| # if !defined STDC_HEADERS && defined HAVE_MEMORY_H
| #  include <memory.h>
| # endif
| # include <string.h>
| #endif
| #ifdef HAVE_STRINGS_H
| # include <strings.h>
| #endif
| #ifdef HAVE_INTTYPES_H
| # include <inttypes.h>
| #endif
| #ifdef HAVE_STDINT_H
| # include <stdint.h>
| #endif
| #ifdef HAVE_UNISTD_H
| # include <unistd.h>
| #endif
| int
| main ()
| {
| if (sizeof ((size_t)))
| 	    return 0;
|   ;
|   return 0;
| }
configure:4545: result: yes
configure:4556: checking for stdbool.h that conforms to C99
configure:4623: gcc -c -g -O2  conftest.c >&5
conftest.c:70:24: warning: address of 's' will always evaluate to 'true' [-Wpointer-bool-conversion]
             bool e = &s;
                  ~    ^
1 warning generated.
configure:4623: $? = 0
configure:4630: result: yes
configure:4632: checking for _Bool
configure:4632: gcc -c -g -O2  conftest.c >&5
configure:4632: $? = 0
configure:4632: gcc -c -g -O2  conftest.c >&5
conftest.c:57:20: error: expected expression
if (sizeof ((_Bool)))
                   ^
1 error generated.
configure:4632: $? = 1
configure: failed program was:
| /* confdefs.h */
| #define PACKAGE_NAME "fastq-tools"
| #define PACKAGE_TARNAME "fastq-tools"
| #define PACKAGE_VERSION "0.7"
| #define PACKAGE_STRING "fastq-tools 0.7"
| #define PACKAGE_BUGREPORT "dcjones@cs.washington.edu "
| #define PACKAGE_URL ""
| #define PACKAGE "fastq-tools"
| #define VERSION "0.7"
| #define STDC_HEADERS 1
| #define HAVE_SYS_TYPES_H 1
| #define HAVE_SYS_STAT_H 1
| #define HAVE_STDLIB_H 1
| #define HAVE_STRING_H 1
| #define HAVE_MEMORY_H 1
| #define HAVE_STRINGS_H 1
| #define HAVE_INTTYPES_H 1
| #define HAVE_STDINT_H 1
| #define HAVE_UNISTD_H 1
| /* end confdefs.h.  */
| #include <stdio.h>
| #ifdef HAVE_SYS_TYPES_H
| # include <sys/types.h>
| #endif
| #ifdef HAVE_SYS_STAT_H
| # include <sys/stat.h>
| #endif
| #ifdef STDC_HEADERS
| # include <stdlib.h>
| # include <stddef.h>
| #else
| # ifdef HAVE_STDLIB_H
| #  include <stdlib.h>
| # endif
| #endif
| #ifdef HAVE_STRING_H
| # if !defined STDC_HEADERS && defined HAVE_MEMORY_H
| #  include <memory.h>
| # endif
| # include <string.h>
| #endif
| #ifdef HAVE_STRINGS_H
| # include <strings.h>
| #endif
| #ifdef HAVE_INTTYPES_H
| # include <inttypes.h>
| #endif
| #ifdef HAVE_STDINT_H
| # include <stdint.h>
| #endif
| #ifdef HAVE_UNISTD_H
| # include <unistd.h>
| #endif
| int
| main ()
| {
| if (sizeof ((_Bool)))
| 	    return 0;
|   ;
|   return 0;
| }
configure:4632: result: yes
configure:4701: checking build system type
configure:4715: result: x86_64-apple-darwin14.4.0
configure:4735: checking host system type
configure:4748: result: x86_64-apple-darwin14.4.0
configure:4789: checking how to print strings
configure:4816: result: printf
configure:4837: checking for a sed that does not truncate output
configure:4901: result: /usr/bin/sed
configure:4919: checking for fgrep
configure:4981: result: /usr/bin/grep -F
configure:5016: checking for ld used by gcc
configure:5083: result: /Applications/Xcode.app/Contents/Developer/Toolchains/XcodeDefault.xctoolchain/usr/bin/ld
configure:5090: checking if the linker (/Applications/Xcode.app/Contents/Developer/Toolchains/XcodeDefault.xctoolchain/usr/bin/ld) is GNU ld
configure:5105: result: no
configure:5117: checking for BSD- or MS-compatible name lister (nm)
configure:5166: result: /usr/bin/nm
configure:5296: checking the name lister (/usr/bin/nm) interface
configure:5303: gcc -c --std=c99 -Wall -Wextra -pedantic -g -O3 -D_C99_SOURCE  conftest.c >&5
configure:5306: /usr/bin/nm "conftest.o"
configure:5309: output
0000000000000200 S _some_variable
configure:5316: result: BSD nm
configure:5319: checking whether ln -s works
configure:5323: result: yes
configure:5331: checking the maximum length of command line arguments
configure:5461: result: 196608
configure:5478: checking whether the shell understands some XSI constructs
configure:5488: result: yes
configure:5492: checking whether the shell understands "+="
configure:5498: result: yes
configure:5533: checking how to convert x86_64-apple-darwin14.4.0 file names to x86_64-apple-darwin14.4.0 format
configure:5573: result: func_convert_file_noop
configure:5580: checking how to convert x86_64-apple-darwin14.4.0 file names to toolchain format
configure:5600: result: func_convert_file_noop
configure:5607: checking for /Applications/Xcode.app/Contents/Developer/Toolchains/XcodeDefault.xctoolchain/usr/bin/ld option to reload object files
configure:5614: result: -r
configure:5688: checking for objdump
configure:5718: result: no
configure:5747: checking how to recognize dependent libraries
configure:5949: result: pass_all
configure:6034: checking for dlltool
configure:6064: result: no
configure:6094: checking how to associate runtime and link libraries
configure:6121: result: printf %s\n
configure:6181: checking for ar
configure:6197: found /usr/bin/ar
configure:6208: result: ar
configure:6245: checking for archiver @FILE support
configure:6262: gcc -c --std=c99 -Wall -Wextra -pedantic -g -O3 -D_C99_SOURCE  conftest.c >&5
configure:6262: $? = 0
configure:6265: ar cru libconftest.a @conftest.lst >&5
ar: @conftest.lst: No such file or directory
configure:6268: $? = 1
configure:6288: result: no
configure:6346: checking for strip
configure:6362: found /usr/bin/strip
configure:6373: result: strip
configure:6445: checking for ranlib
configure:6461: found /usr/bin/ranlib
configure:6472: result: ranlib
configure:6574: checking command to parse /usr/bin/nm output from gcc object
configure:6694: gcc -c --std=c99 -Wall -Wextra -pedantic -g -O3 -D_C99_SOURCE  conftest.c >&5
configure:6697: $? = 0
configure:6701: /usr/bin/nm conftest.o \| sed -n -e 's/^.*[ ]\([BCDEGRST][BCDEGRST]*\)[ ][ ]*\([_A-Za-z][_A-Za-z0-9]*\)$/\1 \2 \2/p' | sed '/ __gnu_lto/d' \> conftest.nm
configure:6704: $? = 0
cannot find nm_test_var in conftest.nm
configure:6694: gcc -c --std=c99 -Wall -Wextra -pedantic -g -O3 -D_C99_SOURCE  conftest.c >&5
configure:6697: $? = 0
configure:6701: /usr/bin/nm conftest.o \| sed -n -e 's/^.*[ ]\([BCDEGRST][BCDEGRST]*\)[ ][ ]*_\([_A-Za-z][_A-Za-z0-9]*\)$/\1 _\2 \2/p' | sed '/ __gnu_lto/d' \> conftest.nm
configure:6704: $? = 0
configure:6770: gcc -o conftest --std=c99 -Wall -Wextra -pedantic -g -O3 -D_C99_SOURCE   conftest.c conftstm.o >&5
configure:6773: $? = 0
configure:6811: result: ok
configure:6848: checking for sysroot
configure:6878: result: no
configure:7134: checking for mt
configure:7164: result: no
configure:7184: checking if : is a manifest tool
configure:7190: : '-?'
configure:7198: result: no
configure:7254: checking for dsymutil
configure:7270: found /usr/bin/dsymutil
configure:7281: result: dsymutil
configure:7346: checking for nmedit
configure:7362: found /usr/bin/nmedit
configure:7373: result: nmedit
configure:7438: checking for lipo
configure:7454: found /usr/bin/lipo
configure:7465: result: lipo
configure:7530: checking for otool
configure:7546: found /usr/bin/otool
configure:7557: result: otool
configure:7622: checking for otool64
configure:7652: result: no
configure:7697: checking for -single_module linker flag
gcc --std=c99 -Wall -Wextra -pedantic -g -O3 -D_C99_SOURCE  -o libconftest.dylib -dynamiclib -Wl,-single_module conftest.c
configure:7730: result: yes
configure:7733: checking for -exported_symbols_list linker flag
configure:7753: gcc -o conftest --std=c99 -Wall -Wextra -pedantic -g -O3 -D_C99_SOURCE   -Wl,-exported_symbols_list,conftest.sym conftest.c  >&5
configure:7753: $? = 0
configure:7763: result: yes
configure:7766: checking for -force_load linker flag
gcc --std=c99 -Wall -Wextra -pedantic -g -O3 -D_C99_SOURCE -c -o conftest.o conftest.c
ar cru libconftest.a conftest.o
ranlib libconftest.a
gcc --std=c99 -Wall -Wextra -pedantic -g -O3 -D_C99_SOURCE  -o conftest conftest.c -Wl,-force_load,./libconftest.a
configure:7798: result: yes
configure:7837: checking for dlfcn.h
configure:7837: gcc -c --std=c99 -Wall -Wextra -pedantic -g -O3 -D_C99_SOURCE  conftest.c >&5
configure:7837: $? = 0
configure:7837: result: yes
configure:8043: checking for objdir
configure:8058: result: .libs
configure:8329: checking if gcc supports -fno-rtti -fno-exceptions
configure:8347: gcc -c --std=c99 -Wall -Wextra -pedantic -g -O3 -D_C99_SOURCE  -fno-rtti -fno-exceptions conftest.c >&5
configure:8351: $? = 0
configure:8364: result: yes
configure:8691: checking for gcc option to produce PIC
configure:8698: result: -fno-common -DPIC
configure:8706: checking if gcc PIC flag -fno-common -DPIC works
configure:8724: gcc -c --std=c99 -Wall -Wextra -pedantic -g -O3 -D_C99_SOURCE  -fno-common -DPIC -DPIC conftest.c >&5
configure:8728: $? = 0
configure:8741: result: yes
configure:8770: checking if gcc static flag -static works
configure:8798: result: no
configure:8813: checking if gcc supports -c -o file.o
configure:8834: gcc -c --std=c99 -Wall -Wextra -pedantic -g -O3 -D_C99_SOURCE  -o out/conftest2.o conftest.c >&5
configure:8838: $? = 0
configure:8860: result: yes
configure:8868: checking if gcc supports -c -o file.o
configure:8915: result: yes
configure:8948: checking whether the gcc linker (/Applications/Xcode.app/Contents/Developer/Toolchains/XcodeDefault.xctoolchain/usr/bin/ld) supports shared libraries
configure:10101: result: yes
configure:10341: checking dynamic linker characteristics
configure:11074: result: darwin14.4.0 dyld
configure:11181: checking how to hardcode library paths into programs
configure:11206: result: immediate
configure:11746: checking whether stripping libraries is possible
configure:11760: result: yes
configure:11786: checking if libtool supports shared libraries
configure:11788: result: yes
configure:11791: checking whether to build shared libraries
configure:11812: result: yes
configure:11815: checking whether to build static libraries
configure:11819: result: yes
configure:11857: checking for fileno
configure:11857: gcc -o conftest --std=c99 -Wall -Wextra -pedantic -g -O3 -D_C99_SOURCE   conftest.c  >&5
configure:11857: $? = 0
configure:11857: result: yes
configure:11868: checking for pcre-config
configure:11884: found /usr/local/bin/pcre-config
configure:11896: result: yes
configure:11913: checking getopt.h usability
configure:11913: gcc -c --std=c99 -Wall -Wextra -pedantic -g -O3 -D_C99_SOURCE -I/usr/local/Cellar/pcre/8.37/include  conftest.c >&5
configure:11913: $? = 0
configure:11913: result: yes
configure:11913: checking getopt.h presence
configure:11913: gcc -E  conftest.c
configure:11913: $? = 0
configure:11913: result: yes
configure:11913: checking for getopt.h
configure:11913: result: yes
configure:12074: checking that generated files are newer than configure
configure:12080: result: done
configure:12103: creating ./config.status

## ---------------------- ##
## Running config.status. ##
## ---------------------- ##

This file was extended by fastq-tools config.status 0.7, which was
generated by GNU Autoconf 2.69.  Invocation command line was

  CONFIG_FILES    = 
  CONFIG_HEADERS  = 
  CONFIG_LINKS    = 
  CONFIG_COMMANDS = 
  $ ./config.status 

on localhost

config.status:1006: creating Makefile
config.status:1006: creating src/Makefile
config.status:1006: creating tests/Makefile
config.status:1006: creating doc/Makefile
config.status:1006: creating src/version.h
config.status:1178: executing depfiles commands
config.status:1178: executing libtool commands

## ---------------- ##
## Cache variables. ##
## ---------------- ##

ac_cv_build=x86_64-apple-darwin14.4.0
ac_cv_c_compiler_gnu=yes
ac_cv_c_int32_t=yes
ac_cv_c_uint16_t=yes
ac_cv_c_uint32_t=yes
ac_cv_c_uint64_t=yes
ac_cv_c_uint8_t=yes
ac_cv_env_CC_set=
ac_cv_env_CC_value=
ac_cv_env_CFLAGS_set=
ac_cv_env_CFLAGS_value=
ac_cv_env_CPPFLAGS_set=
ac_cv_env_CPPFLAGS_value=
ac_cv_env_CPP_set=
ac_cv_env_CPP_value=
ac_cv_env_LDFLAGS_set=
ac_cv_env_LDFLAGS_value=
ac_cv_env_LIBS_set=
ac_cv_env_LIBS_value=
ac_cv_env_build_alias_set=
ac_cv_env_build_alias_value=
ac_cv_env_host_alias_set=
ac_cv_env_host_alias_value=
ac_cv_env_target_alias_set=
ac_cv_env_target_alias_value=
ac_cv_func_fileno=yes
ac_cv_header_dlfcn_h=yes
ac_cv_header_getopt_h=yes
ac_cv_header_inttypes_h=yes
ac_cv_header_memory_h=yes
ac_cv_header_stdbool_h=yes
ac_cv_header_stdc=yes
ac_cv_header_stdint_h=yes
ac_cv_header_stdlib_h=yes
ac_cv_header_string_h=yes
ac_cv_header_strings_h=yes
ac_cv_header_sys_stat_h=yes
ac_cv_header_sys_types_h=yes
ac_cv_header_unistd_h=yes
ac_cv_host=x86_64-apple-darwin14.4.0
ac_cv_objext=o
ac_cv_path_EGREP='/usr/bin/grep -E'
ac_cv_path_FGREP='/usr/bin/grep -F'
ac_cv_path_GREP=/usr/bin/grep
ac_cv_path_SED=/usr/bin/sed
ac_cv_path_install='/usr/bin/install -c'
ac_cv_prog_AWK=awk
ac_cv_prog_CPP='gcc -E'
ac_cv_prog_HAVE_PCRE=yes
ac_cv_prog_ac_ct_AR=ar
ac_cv_prog_ac_ct_CC=gcc
ac_cv_prog_ac_ct_DSYMUTIL=dsymutil
ac_cv_prog_ac_ct_LIPO=lipo
ac_cv_prog_ac_ct_NMEDIT=nmedit
ac_cv_prog_ac_ct_OTOOL=otool
ac_cv_prog_ac_ct_RANLIB=ranlib
ac_cv_prog_ac_ct_STRIP=strip
ac_cv_prog_cc_c89=
ac_cv_prog_cc_g=yes
ac_cv_prog_make_make_set=yes
ac_cv_type__Bool=yes
ac_cv_type_size_t=yes
am_cv_CC_dependencies_compiler_type=gcc3
am_cv_make_support_nested_variables=yes
am_cv_prog_cc_c_o=yes
lt_cv_apple_cc_single_mod=yes
lt_cv_ar_at_file=no
lt_cv_deplibs_check_method=pass_all
lt_cv_file_magic_cmd='$MAGIC_CMD'
lt_cv_file_magic_test_file=
lt_cv_ld_exported_symbols_list=yes
lt_cv_ld_force_load=yes
lt_cv_ld_reload_flag=-r
lt_cv_nm_interface='BSD nm'
lt_cv_objdir=.libs
lt_cv_path_LD=/Applications/Xcode.app/Contents/Developer/Toolchains/XcodeDefault.xctoolchain/usr/bin/ld
lt_cv_path_NM=/usr/bin/nm
lt_cv_path_mainfest_tool=no
lt_cv_prog_compiler_c_o=yes
lt_cv_prog_compiler_pic='-fno-common -DPIC'
lt_cv_prog_compiler_pic_works=yes
lt_cv_prog_compiler_rtti_exceptions=yes
lt_cv_prog_compiler_static_works=no
lt_cv_prog_gnu_ld=no
lt_cv_sharedlib_from_linklib_cmd='printf %s\n'
lt_cv_sys_global_symbol_pipe='sed -n -e '\''s/^.*[	 ]\([BCDEGRST][BCDEGRST]*\)[	 ][	 ]*_\([_A-Za-z][_A-Za-z0-9]*\)$/\1 _\2 \2/p'\'' | sed '\''/ __gnu_lto/d'\'''
lt_cv_sys_global_symbol_to_c_name_address='sed -n -e '\''s/^: \([^ ]*\)[ ]*$/  {\"\1\", (void *) 0},/p'\'' -e '\''s/^[BCDEGRST]* \([^ ]*\) \([^ ]*\)$/  {"\2", (void *) \&\2},/p'\'''
lt_cv_sys_global_symbol_to_c_name_address_lib_prefix='sed -n -e '\''s/^: \([^ ]*\)[ ]*$/  {\"\1\", (void *) 0},/p'\'' -e '\''s/^[BCDEGRST]* \([^ ]*\) \(lib[^ ]*\)$/  {"\2", (void *) \&\2},/p'\'' -e '\''s/^[BCDEGRST]* \([^ ]*\) \([^ ]*\)$/  {"lib\2", (void *) \&\2},/p'\'''
lt_cv_sys_global_symbol_to_cdecl='sed -n -e '\''s/^T .* \(.*\)$/extern int \1();/p'\'' -e '\''s/^[BCDEGRST]* .* \(.*\)$/extern char \1;/p'\'''
lt_cv_sys_max_cmd_len=196608
lt_cv_to_host_file_cmd=func_convert_file_noop
lt_cv_to_tool_file_cmd=func_convert_file_noop

## ----------------- ##
## Output variables. ##
## ----------------- ##

ACLOCAL='aclocal-1.14'
AMDEPBACKSLASH='\'
AMDEP_FALSE='#'
AMDEP_TRUE=''
AMTAR='$${TAR-tar}'
AM_BACKSLASH='\'
AM_DEFAULT_V='$(AM_DEFAULT_VERBOSITY)'
AM_DEFAULT_VERBOSITY='0'
AM_V='$(V)'
AR='ar'
AUTOCONF='autoconf'
AUTOHEADER='autoheader'
AUTOMAKE='automake-1.14'
AWK='awk'
CC='gcc'
CCDEPMODE='depmode=gcc3'
CFLAGS='--std=c99 -Wall -Wextra -pedantic -g -O3 -D_C99_SOURCE -I/usr/local/Cellar/pcre/8.37/include'
CPP='gcc -E'
CPPFLAGS=''
CYGPATH_W='echo'
DEFS='-DPACKAGE_NAME=\"fastq-tools\" -DPACKAGE_TARNAME=\"fastq-tools\" -DPACKAGE_VERSION=\"0.7\" -DPACKAGE_STRING=\"fastq-tools\ 0.7\" -DPACKAGE_BUGREPORT=\"dcjones@cs.washington.edu\ \" -DPACKAGE_URL=\"\" -DPACKAGE=\"fastq-tools\" -DVERSION=\"0.7\" -DSTDC_HEADERS=1 -DHAVE_SYS_TYPES_H=1 -DHAVE_SYS_STAT_H=1 -DHAVE_STDLIB_H=1 -DHAVE_STRING_H=1 -DHAVE_MEMORY_H=1 -DHAVE_STRINGS_H=1 -DHAVE_INTTYPES_H=1 -DHAVE_STDINT_H=1 -DHAVE_UNISTD_H=1 -DHAVE__BOOL=1 -DHAVE_STDBOOL_H=1 -D_FILE_OFFSET_BITS=64 -D_POSIX_SOURCE=1 -DHAVE_DLFCN_H=1 -DLT_OBJDIR=\".libs/\"'
DEPDIR='.deps'
DLLTOOL='false'
DSYMUTIL='dsymutil'
DUMPBIN=''
ECHO_C='\c'
ECHO_N=''
ECHO_T=''
EGREP='/usr/bin/grep -E'
EXEEXT=''
FGREP='/usr/bin/grep -F'
GREP='/usr/bin/grep'
HAVE_PCRE='yes'
INSTALL_DATA='${INSTALL} -m 644'
INSTALL_PROGRAM='${INSTALL}'
INSTALL_SCRIPT='${INSTALL}'
INSTALL_STRIP_PROGRAM='$(install_sh) -c -s'
LD='/Applications/Xcode.app/Contents/Developer/Toolchains/XcodeDefault.xctoolchain/usr/bin/ld'
LDFLAGS=''
LIBOBJS=''
LIBS='-lm'
LIBTOOL='$(SHELL) $(top_builddir)/libtool'
LIPO='lipo'
LN_S='ln -s'
LTLIBOBJS=''
MAKEINFO='makeinfo'
MANIFEST_TOOL=':'
MKDIR_P='./install-sh -c -d'
NM='/usr/bin/nm'
NMEDIT='nmedit'
OBJDUMP='false'
OBJEXT='o'
OTOOL64=':'
OTOOL='otool'
PACKAGE='fastq-tools'
PACKAGE_BUGREPORT='dcjones@cs.washington.edu '
PACKAGE_NAME='fastq-tools'
PACKAGE_STRING='fastq-tools 0.7'
PACKAGE_TARNAME='fastq-tools'
PACKAGE_URL=''
PACKAGE_VERSION='0.7'
PATH_SEPARATOR=':'
PCRE_LIBS='-L/usr/local/Cellar/pcre/8.37/lib -lpcre'
RANLIB='ranlib'
SED='/usr/bin/sed'
SET_MAKE=''
SHELL='/bin/sh'
STRIP='strip'
VERSION='0.7'
ac_ct_AR='ar'
ac_ct_CC='gcc'
ac_ct_DUMPBIN=''
am__EXEEXT_FALSE=''
am__EXEEXT_TRUE='#'
am__fastdepCC_FALSE='#'
am__fastdepCC_TRUE=''
am__include='include'
am__isrc=''
am__leading_dot='.'
am__nodep='_no'
am__quote=''
am__tar='$${TAR-tar} chof - "$$tardir"'
am__untar='$${TAR-tar} xf -'
bindir='${exec_prefix}/bin'
build='x86_64-apple-darwin14.4.0'
build_alias=''
build_cpu='x86_64'
build_os='darwin14.4.0'
build_vendor='apple'
datadir='${datarootdir}'
datarootdir='${prefix}/share'
docdir='${datarootdir}/doc/${PACKAGE_TARNAME}'
dvidir='${docdir}'
exec_prefix='${prefix}'
host='x86_64-apple-darwin14.4.0'
host_alias=''
host_cpu='x86_64'
host_os='darwin14.4.0'
host_vendor='apple'
htmldir='${docdir}'
includedir='${prefix}/include'
infodir='${datarootdir}/info'
install_sh='${SHELL} /Users/xiongxu/GeneDock/HighPerformanceNGS/fastq-tools-0.7/install-sh'
libdir='${exec_prefix}/lib'
libexecdir='${exec_prefix}/libexec'
localedir='${datarootdir}/locale'
localstatedir='${prefix}/var'
mandir='${datarootdir}/man'
mkdir_p='$(MKDIR_P)'
oldincludedir='/usr/include'
pdfdir='${docdir}'
prefix='/usr/local'
program_transform_name='s,x,x,'
psdir='${docdir}'
sbindir='${exec_prefix}/sbin'
sharedstatedir='${prefix}/com'
sysconfdir='${prefix}/etc'
target_alias=''

## ----------- ##
## confdefs.h. ##
## ----------- ##

/* confdefs.h */
#define PACKAGE_NAME "fastq-tools"
#define PACKAGE_TARNAME "fastq-tools"
#define PACKAGE_VERSION "0.7"
#define PACKAGE_STRING "fastq-tools 0.7"
#define PACKAGE_BUGREPORT "dcjones@cs.washington.edu "
#define PACKAGE_URL ""
#define PACKAGE "fastq-tools"
#define VERSION "0.7"
#define STDC_HEADERS 1
#define HAVE_SYS_TYPES_H 1
#define HAVE_SYS_STAT_H 1
#define HAVE_STDLIB_H 1
#define HAVE_STRING_H 1
#define HAVE_MEMORY_H 1
#define HAVE_STRINGS_H 1
#define HAVE_INTTYPES_H 1
#define HAVE_STDINT_H 1
#define HAVE_UNISTD_H 1
#define HAVE__BOOL 1
#define HAVE_STDBOOL_H 1
#define _FILE_OFFSET_BITS 64
#define _POSIX_SOURCE 1
#define HAVE_DLFCN_H 1
#define LT_OBJDIR ".libs/"

configure: exit 0
